<?xml version="1.0" encoding="UTF-8"?>
<testsuite xmlns:xsi="http://www.w3.org/2001/XMLSchema-instance" xsi:noNamespaceSchemaLocation="https://maven.apache.org/surefire/maven-surefire-plugin/xsd/surefire-test-report-3.0.xsd" version="3.0" name="com.praneeth.productService.ProductServiceApplicationTests" time="2.999" tests="1" errors="0" skipped="0" failures="0">
  <properties>
[...]
</properties>
  <testcase name="contextLoads" classname="com.praneeth.productService.ProductServiceApplicationTests" time="0.698">
    <system-out><![CDATA[14:24:47.378 [main] INFO org.springframework.test.context.support.AnnotationConfigContextLoaderUtils -- Could not detect default configuration classes for test class [com.praneeth.productService.ProductServiceApplicationTests]: ProductServiceApplicationTests does not declare any static, non-private, non-final, nested classes annotated with @Configuration.
14:24:47.486 [main] INFO org.springframework.boot.test.context.SpringBootTestContextBootstrapper -- Found @SpringBootConfiguration com.praneeth.productService.ProductServiceApplication for test class com.praneeth.productService.ProductServiceApplicationTests

  .   ____          _            __ _ _
 /\\ / ___'_ __ _ _(_)_ __  __ _ \ \ \ \
( ( )\___ | '_ | '_| | '_ \/ _` | \ \ \ \
 \\/  ___)| |_)| | | | | || (_| |  ) ) ) )
  '  |____| .__|_| |_|_| |_\__, | / / / /
 =========|_|==============|___/=/_/_/_/
 :: Spring Boot ::                (v3.1.0)

2023-06-11T14:24:47.893+05:30  INFO 4456 --- [           main] c.p.p.ProductServiceApplicationTests     : Starting ProductServiceApplicationTests using Java 17.0.7 with PID 4456 (started by Praneeth Shetty in E:\Placement\spring_boot\GitUploaded\foodyrest)
2023-06-11T14:24:47.896+05:30  INFO 4456 --- [           main] c.p.p.ProductServiceApplicationTests     : No active profile set, falling back to 1 default profile: "default"
2023-06-11T14:24:48.424+05:30  INFO 4456 --- [           main] .s.d.r.c.RepositoryConfigurationDelegate : Multiple Spring Data modules found, entering strict repository configuration mode
2023-06-11T14:24:48.426+05:30  INFO 4456 --- [           main] .s.d.r.c.RepositoryConfigurationDelegate : Bootstrapping Spring Data MongoDB repositories in DEFAULT mode.
2023-06-11T14:24:48.467+05:30  INFO 4456 --- [           main] .s.d.r.c.RepositoryConfigurationDelegate : Finished Spring Data repository scanning in 37 ms. Found 2 MongoDB repository interfaces.
2023-06-11T14:24:48.875+05:30  INFO 4456 --- [dwl.mongodb.net] org.mongodb.driver.cluster               : Adding discovered server ac-c0d60qd-shard-00-00.flh1dwl.mongodb.net:27017 to client view of cluster
2023-06-11T14:24:48.878+05:30  INFO 4456 --- [           main] org.mongodb.driver.client                : MongoClient with metadata {"driver": {"name": "mongo-java-driver|sync|spring-boot", "version": "4.9.1"}, "os": {"type": "Windows", "name": "Windows 11", "architecture": "amd64", "version": "10.0"}, "platform": "Java/Amazon.com Inc./17.0.7+7-LTS"} created with settings MongoClientSettings{readPreference=primary, writeConcern=WriteConcern{w=null, wTimeout=null ms, journal=null}, retryWrites=true, retryReads=true, readConcern=ReadConcern{level=null}, credential=MongoCredential{mechanism=null, userName='Praneeth', source='admin', password=<hidden>, mechanismProperties=<hidden>}, streamFactoryFactory=null, commandListeners=[], codecRegistry=ProvidersCodecRegistry{codecProviders=[ValueCodecProvider{}, BsonValueCodecProvider{}, DBRefCodecProvider{}, DBObjectCodecProvider{}, DocumentCodecProvider{}, CollectionCodecProvider{}, IterableCodecProvider{}, MapCodecProvider{}, GeoJsonCodecProvider{}, GridFSFileCodecProvider{}, Jsr310CodecProvider{}, JsonObjectCodecProvider{}, BsonCodecProvider{}, EnumCodecProvider{}, com.mongodb.client.model.mql.ExpressionCodecProvider@61bcbcce, com.mongodb.Jep395RecordCodecProvider@6af91cc8]}, loggerSettings=LoggerSettings{maxDocumentLength=1000}, clusterSettings={hosts=[127.0.0.1:27017], srvHost=restaurantdbcluster.flh1dwl.mongodb.net, srvServiceName=mongodb, mode=MULTIPLE, requiredClusterType=REPLICA_SET, requiredReplicaSetName='atlas-nni4ir-shard-0', serverSelector='null', clusterListeners='[]', serverSelectionTimeout='30000 ms', localThreshold='30000 ms'}, socketSettings=SocketSettings{connectTimeoutMS=10000, readTimeoutMS=0, receiveBufferSize=0, sendBufferSize=0}, heartbeatSocketSettings=SocketSettings{connectTimeoutMS=10000, readTimeoutMS=10000, receiveBufferSize=0, sendBufferSize=0}, connectionPoolSettings=ConnectionPoolSettings{maxSize=100, minSize=0, maxWaitTimeMS=120000, maxConnectionLifeTimeMS=0, maxConnectionIdleTimeMS=0, maintenanceInitialDelayMS=0, maintenanceFrequencyMS=60000, connectionPoolListeners=[], maxConnecting=2}, serverSettings=ServerSettings{heartbeatFrequencyMS=10000, minHeartbeatFrequencyMS=500, serverListeners='[]', serverMonitorListeners='[]'}, sslSettings=SslSettings{enabled=true, invalidHostNameAllowed=false, context=null}, applicationName='null', compressorList=[], uuidRepresentation=JAVA_LEGACY, serverApi=null, autoEncryptionSettings=null, contextProvider=null}
2023-06-11T14:24:48.898+05:30  INFO 4456 --- [dwl.mongodb.net] org.mongodb.driver.cluster               : Adding discovered server ac-c0d60qd-shard-00-02.flh1dwl.mongodb.net:27017 to client view of cluster
2023-06-11T14:24:48.899+05:30  INFO 4456 --- [dwl.mongodb.net] org.mongodb.driver.cluster               : Adding discovered server ac-c0d60qd-shard-00-01.flh1dwl.mongodb.net:27017 to client view of cluster
2023-06-11T14:24:49.527+05:30  INFO 4456 --- [           main] c.p.p.ProductServiceApplicationTests     : Started ProductServiceApplicationTests in 1.877 seconds (process running for 2.827)
2023-06-11T14:24:50.022+05:30  INFO 4456 --- [ngodb.net:27017] org.mongodb.driver.cluster               : Monitor thread successfully connected to server with description ServerDescription{address=ac-c0d60qd-shard-00-02.flh1dwl.mongodb.net:27017, type=REPLICA_SET_PRIMARY, state=CONNECTED, ok=true, minWireVersion=0, maxWireVersion=17, maxDocumentSize=16777216, logicalSessionTimeoutMinutes=30, roundTripTimeNanos=654608300, setName='atlas-nni4ir-shard-0', canonicalAddress=ac-c0d60qd-shard-00-02.flh1dwl.mongodb.net:27017, hosts=[ac-c0d60qd-shard-00-00.flh1dwl.mongodb.net:27017, ac-c0d60qd-shard-00-01.flh1dwl.mongodb.net:27017, ac-c0d60qd-shard-00-02.flh1dwl.mongodb.net:27017], passives=[], arbiters=[], primary='ac-c0d60qd-shard-00-02.flh1dwl.mongodb.net:27017', tagSet=TagSet{[Tag{name='nodeType', value='ELECTABLE'}, Tag{name='provider', value='AWS'}, Tag{name='region', value='US_EAST_1'}, Tag{name='workloadType', value='OPERATIONAL'}]}, electionId=7fffffff00000000000000b4, setVersion=10, topologyVersion=TopologyVersion{processId=647cb5e48fc2c4a3bd543c6c, counter=6}, lastWriteDate=Sun Jun 11 14:24:49 IST 2023, lastUpdateTimeNanos=13848941305800}
2023-06-11T14:24:50.022+05:30  INFO 4456 --- [ngodb.net:27017] org.mongodb.driver.cluster               : Monitor thread successfully connected to server with description ServerDescription{address=ac-c0d60qd-shard-00-00.flh1dwl.mongodb.net:27017, type=REPLICA_SET_SECONDARY, state=CONNECTED, ok=true, minWireVersion=0, maxWireVersion=17, maxDocumentSize=16777216, logicalSessionTimeoutMinutes=30, roundTripTimeNanos=665698600, setName='atlas-nni4ir-shard-0', canonicalAddress=ac-c0d60qd-shard-00-00.flh1dwl.mongodb.net:27017, hosts=[ac-c0d60qd-shard-00-00.flh1dwl.mongodb.net:27017, ac-c0d60qd-shard-00-01.flh1dwl.mongodb.net:27017, ac-c0d60qd-shard-00-02.flh1dwl.mongodb.net:27017], passives=[], arbiters=[], primary='ac-c0d60qd-shard-00-02.flh1dwl.mongodb.net:27017', tagSet=TagSet{[Tag{name='nodeType', value='ELECTABLE'}, Tag{name='provider', value='AWS'}, Tag{name='region', value='US_EAST_1'}, Tag{name='workloadType', value='OPERATIONAL'}]}, electionId=null, setVersion=10, topologyVersion=TopologyVersion{processId=647cb4de3a4f5deeb4cde7e5, counter=4}, lastWriteDate=Sun Jun 11 14:24:49 IST 2023, lastUpdateTimeNanos=13848941305900}
2023-06-11T14:24:50.025+05:30  INFO 4456 --- [ngodb.net:27017] org.mongodb.driver.cluster               : Discovered replica set primary ac-c0d60qd-shard-00-02.flh1dwl.mongodb.net:27017 with max election id 7fffffff00000000000000b4 and max set version 10
]]></system-out>
  </testcase>
</testsuite>